cabal: Entering directory '/tmp/cabal-tmp-14/cmdargs-0.10.19'
Configuring cmdargs-0.10.19...
Building cmdargs-0.10.19...
Preprocessing library cmdargs-0.10.19...
[ 1 of 25] Compiling System.Console.CmdArgs.Verbosity ( System/Console/CmdArgs/Verbosity.hs, dist/dist-sandbox-6923a179/build/System/Console/CmdArgs/Verbosity.o )
[ 2 of 25] Compiling System.Console.CmdArgs.Implicit.Type ( System/Console/CmdArgs/Implicit/Type.hs, dist/dist-sandbox-6923a179/build/System/Console/CmdArgs/Implicit/Type.o )
[ 3 of 25] Compiling System.Console.CmdArgs.Implicit.Ann ( System/Console/CmdArgs/Implicit/Ann.hs, dist/dist-sandbox-6923a179/build/System/Console/CmdArgs/Implicit/Ann.o )
[ 4 of 25] Compiling System.Console.CmdArgs.Implicit.UI ( System/Console/CmdArgs/Implicit/UI.hs, dist/dist-sandbox-6923a179/build/System/Console/CmdArgs/Implicit/UI.o )
[ 5 of 25] Compiling System.Console.CmdArgs.Explicit.Type ( System/Console/CmdArgs/Explicit/Type.hs, dist/dist-sandbox-6923a179/build/System/Console/CmdArgs/Explicit/Type.o )
[ 6 of 25] Compiling System.Console.CmdArgs.Explicit.SplitJoin ( System/Console/CmdArgs/Explicit/SplitJoin.hs, dist/dist-sandbox-6923a179/build/System/Console/CmdArgs/Explicit/SplitJoin.o )
[ 7 of 25] Compiling System.Console.CmdArgs.Helper ( System/Console/CmdArgs/Helper.hs, dist/dist-sandbox-6923a179/build/System/Console/CmdArgs/Helper.o )
[ 8 of 25] Compiling System.Console.CmdArgs.Explicit.Process ( System/Console/CmdArgs/Explicit/Process.hs, dist/dist-sandbox-6923a179/build/System/Console/CmdArgs/Explicit/Process.o )
[ 9 of 25] Compiling System.Console.CmdArgs.Explicit.ExpandArgsAt ( System/Console/CmdArgs/Explicit/ExpandArgsAt.hs, dist/dist-sandbox-6923a179/build/System/Console/CmdArgs/Explicit/ExpandArgsAt.o )
[10 of 25] Compiling System.Console.CmdArgs.Explicit.Complete ( System/Console/CmdArgs/Explicit/Complete.hs, dist/dist-sandbox-6923a179/build/System/Console/CmdArgs/Explicit/Complete.o )
[11 of 25] Compiling System.Console.CmdArgs.Default ( System/Console/CmdArgs/Default.hs, dist/dist-sandbox-6923a179/build/System/Console/CmdArgs/Default.o )
[12 of 25] Compiling System.Console.CmdArgs.Text ( System/Console/CmdArgs/Text.hs, dist/dist-sandbox-6923a179/build/System/Console/CmdArgs/Text.o )
[13 of 25] Compiling System.Console.CmdArgs.Explicit.Help ( System/Console/CmdArgs/Explicit/Help.hs, dist/dist-sandbox-6923a179/build/System/Console/CmdArgs/Explicit/Help.o )
[14 of 25] Compiling System.Console.CmdArgs.Explicit ( System/Console/CmdArgs/Explicit.hs, dist/dist-sandbox-6923a179/build/System/Console/CmdArgs/Explicit.o )
[15 of 25] Compiling System.Console.CmdArgs.GetOpt ( System/Console/CmdArgs/GetOpt.hs, dist/dist-sandbox-6923a179/build/System/Console/CmdArgs/GetOpt.o )
[16 of 25] Compiling Data.Generics.Any ( Data/Generics/Any.hs, dist/dist-sandbox-6923a179/build/Data/Generics/Any.o )
[17 of 25] Compiling Data.Generics.Any.Prelude ( Data/Generics/Any/Prelude.hs, dist/dist-sandbox-6923a179/build/Data/Generics/Any/Prelude.o )
[18 of 25] Compiling System.Console.CmdArgs.Annotate ( System/Console/CmdArgs/Annotate.hs, dist/dist-sandbox-6923a179/build/System/Console/CmdArgs/Annotate.o )
[19 of 25] Compiling System.Console.CmdArgs.Implicit.Reader ( System/Console/CmdArgs/Implicit/Reader.hs, dist/dist-sandbox-6923a179/build/System/Console/CmdArgs/Implicit/Reader.o )
[20 of 25] Compiling System.Console.CmdArgs.Implicit.Local ( System/Console/CmdArgs/Implicit/Local.hs, dist/dist-sandbox-6923a179/build/System/Console/CmdArgs/Implicit/Local.o )
[21 of 25] Compiling System.Console.CmdArgs.Implicit.Reform ( System/Console/CmdArgs/Implicit/Reform.hs, dist/dist-sandbox-6923a179/build/System/Console/CmdArgs/Implicit/Reform.o )
[22 of 25] Compiling System.Console.CmdArgs.Implicit.Global ( System/Console/CmdArgs/Implicit/Global.hs, dist/dist-sandbox-6923a179/build/System/Console/CmdArgs/Implicit/Global.o )
[23 of 25] Compiling System.Console.CmdArgs.Implicit ( System/Console/CmdArgs/Implicit.hs, dist/dist-sandbox-6923a179/build/System/Console/CmdArgs/Implicit.o )
[24 of 25] Compiling System.Console.CmdArgs ( System/Console/CmdArgs.hs, dist/dist-sandbox-6923a179/build/System/Console/CmdArgs.o )
[25 of 25] Compiling System.Console.CmdArgs.Quote ( System/Console/CmdArgs/Quote.hs, dist/dist-sandbox-6923a179/build/System/Console/CmdArgs/Quote.o )
Creating package registration file:
/tmp/pkgConf-cmdargs-0.1010125029541272469786.19
Installing library in
/pandoc/.cabal-sandbox/lib/x86_64-linux-ghc-8.0.2/cmdargs-0.10.19-A4qoy0SkMn48HmQO7AsJAY
Registering cmdargs-0.10.19...
cabal: Leaving directory '/tmp/cabal-tmp-14/cmdargs-0.10.19'
