cabal: Entering directory '/tmp/cabal-tmp-8/http-client-0.5.7.1'
Configuring http-client-0.5.7.1...
Building http-client-0.5.7.1...
Preprocessing library http-client-0.5.7.1...
[ 1 of 18] Compiling Network.PublicSuffixList.Types ( publicsuffixlist/Network/PublicSuffixList/Types.hs, dist/dist-sandbox-6923a179/build/Network/PublicSuffixList/Types.o )
[ 2 of 18] Compiling Network.PublicSuffixList.Serialize ( publicsuffixlist/Network/PublicSuffixList/Serialize.hs, dist/dist-sandbox-6923a179/build/Network/PublicSuffixList/Serialize.o )
[ 3 of 18] Compiling Network.PublicSuffixList.DataStructure ( publicsuffixlist/Network/PublicSuffixList/DataStructure.hs, dist/dist-sandbox-6923a179/build/Network/PublicSuffixList/DataStructure.o )
[ 4 of 18] Compiling Network.PublicSuffixList.Lookup ( publicsuffixlist/Network/PublicSuffixList/Lookup.hs, dist/dist-sandbox-6923a179/build/Network/PublicSuffixList/Lookup.o )
[ 5 of 18] Compiling Network.HTTP.Client.Util ( Network/HTTP/Client/Util.hs, dist/dist-sandbox-6923a179/build/Network/HTTP/Client/Util.o )
[ 6 of 18] Compiling Network.HTTP.Client.Types ( Network/HTTP/Client/Types.hs, dist/dist-sandbox-6923a179/build/Network/HTTP/Client/Types.o )
[ 7 of 18] Compiling Network.HTTP.Client.Cookies ( Network/HTTP/Client/Cookies.hs, dist/dist-sandbox-6923a179/build/Network/HTTP/Client/Cookies.o )
[ 8 of 18] Compiling Network.HTTP.Client.Connection ( Network/HTTP/Client/Connection.hs, dist/dist-sandbox-6923a179/build/Network/HTTP/Client/Connection.o )
[ 9 of 18] Compiling Network.HTTP.Client.Headers ( Network/HTTP/Client/Headers.hs, dist/dist-sandbox-6923a179/build/Network/HTTP/Client/Headers.o )
[10 of 18] Compiling Network.HTTP.Client.Body ( Network/HTTP/Client/Body.hs, dist/dist-sandbox-6923a179/build/Network/HTTP/Client/Body.o )
[11 of 18] Compiling Network.HTTP.Client.Request ( Network/HTTP/Client/Request.hs, dist/dist-sandbox-6923a179/build/Network/HTTP/Client/Request.o )
[12 of 18] Compiling Network.HTTP.Proxy ( Network/HTTP/Proxy.hs, dist/dist-sandbox-6923a179/build/Network/HTTP/Proxy.o )
[13 of 18] Compiling Network.HTTP.Client.Manager ( Network/HTTP/Client/Manager.hs, dist/dist-sandbox-6923a179/build/Network/HTTP/Client/Manager.o )
[14 of 18] Compiling Network.HTTP.Client.Response ( Network/HTTP/Client/Response.hs, dist/dist-sandbox-6923a179/build/Network/HTTP/Client/Response.o )
[15 of 18] Compiling Network.HTTP.Client.Core ( Network/HTTP/Client/Core.hs, dist/dist-sandbox-6923a179/build/Network/HTTP/Client/Core.o )
[16 of 18] Compiling Network.HTTP.Client.Internal ( Network/HTTP/Client/Internal.hs, dist/dist-sandbox-6923a179/build/Network/HTTP/Client/Internal.o )
[17 of 18] Compiling Network.HTTP.Client ( Network/HTTP/Client.hs, dist/dist-sandbox-6923a179/build/Network/HTTP/Client.o )
[18 of 18] Compiling Network.HTTP.Client.MultipartFormData ( Network/HTTP/Client/MultipartFormData.hs, dist/dist-sandbox-6923a179/build/Network/HTTP/Client/MultipartFormData.o )
Creating package registration file:
/tmp/pkgConf-http-client-0.5.7166967926214989683.1
Installing library in
/pandoc/.cabal-sandbox/lib/x86_64-linux-ghc-8.0.2/http-client-0.5.7.1-5GX9EQns3Op479bBu5TiWS
Registering http-client-0.5.7.1...
cabal: Leaving directory '/tmp/cabal-tmp-8/http-client-0.5.7.1'
