cabal: Entering directory '/tmp/cabal-tmp-18/JuicyPixels-3.2.9.3'
Configuring JuicyPixels-3.2.9.3...
Building JuicyPixels-3.2.9.3...
Preprocessing library JuicyPixels-3.2.9.3...
[ 1 of 30] Compiling Codec.Picture.Types ( src/Codec/Picture/Types.hs, dist/dist-sandbox-6923a179/build/Codec/Picture/Types.o )
[ 2 of 30] Compiling Codec.Picture.VectorByteConversion ( src/Codec/Picture/VectorByteConversion.hs, dist/dist-sandbox-6923a179/build/Codec/Picture/VectorByteConversion.o )
[ 3 of 30] Compiling Codec.Picture.Metadata.Exif ( src/Codec/Picture/Metadata/Exif.hs, dist/dist-sandbox-6923a179/build/Codec/Picture/Metadata/Exif.o )
[ 4 of 30] Compiling Codec.Picture.Tiff.Types ( src/Codec/Picture/Tiff/Types.hs, dist/dist-sandbox-6923a179/build/Codec/Picture/Tiff/Types.o )
[ 5 of 30] Compiling Codec.Picture.Metadata ( src/Codec/Picture/Metadata.hs, dist/dist-sandbox-6923a179/build/Codec/Picture/Metadata.o )
[ 6 of 30] Compiling Codec.Picture.Tiff.Metadata ( src/Codec/Picture/Tiff/Metadata.hs, dist/dist-sandbox-6923a179/build/Codec/Picture/Tiff/Metadata.o )
[ 7 of 30] Compiling Codec.Picture.InternalHelper ( src/Codec/Picture/InternalHelper.hs, dist/dist-sandbox-6923a179/build/Codec/Picture/InternalHelper.o )
[ 8 of 30] Compiling Codec.Picture.Png.Type ( src/Codec/Picture/Png/Type.hs, dist/dist-sandbox-6923a179/build/Codec/Picture/Png/Type.o )
[ 9 of 30] Compiling Codec.Picture.Png.Metadata ( src/Codec/Picture/Png/Metadata.hs, dist/dist-sandbox-6923a179/build/Codec/Picture/Png/Metadata.o )
[10 of 30] Compiling Codec.Picture.Png.Export ( src/Codec/Picture/Png/Export.hs, dist/dist-sandbox-6923a179/build/Codec/Picture/Png/Export.o )
[11 of 30] Compiling Codec.Picture.Png ( src/Codec/Picture/Png.hs, dist/dist-sandbox-6923a179/build/Codec/Picture/Png.o )

src/Codec/Picture/Png.hs:29:27: warning: [-Wduplicate-exports]
    ‘encodePalettedPng’ is exported by ‘encodePalettedPng’ and ‘PngPaletteSaveable(..)’

src/Codec/Picture/Png.hs:30:27: warning: [-Wduplicate-exports]
    ‘encodePalettedPngWithMetadata’ is exported by ‘encodePalettedPngWithMetadata’ and ‘PngPaletteSaveable(..)’
[12 of 30] Compiling Codec.Picture.Tga ( src/Codec/Picture/Tga.hs, dist/dist-sandbox-6923a179/build/Codec/Picture/Tga.o )
[13 of 30] Compiling Codec.Picture.HDR ( src/Codec/Picture/HDR.hs, dist/dist-sandbox-6923a179/build/Codec/Picture/HDR.o )
[14 of 30] Compiling Codec.Picture.ColorQuant ( src/Codec/Picture/ColorQuant.hs, dist/dist-sandbox-6923a179/build/Codec/Picture/ColorQuant.o )
[15 of 30] Compiling Codec.Picture.Bitmap ( src/Codec/Picture/Bitmap.hs, dist/dist-sandbox-6923a179/build/Codec/Picture/Bitmap.o )
[16 of 30] Compiling Codec.Picture.BitWriter ( src/Codec/Picture/BitWriter.hs, dist/dist-sandbox-6923a179/build/Codec/Picture/BitWriter.o )
[17 of 30] Compiling Codec.Picture.Gif.LZW ( src/Codec/Picture/Gif/LZW.hs, dist/dist-sandbox-6923a179/build/Codec/Picture/Gif/LZW.o )
[18 of 30] Compiling Codec.Picture.Gif.LZWEncoding ( src/Codec/Picture/Gif/LZWEncoding.hs, dist/dist-sandbox-6923a179/build/Codec/Picture/Gif/LZWEncoding.o )
[19 of 30] Compiling Codec.Picture.Gif ( src/Codec/Picture/Gif.hs, dist/dist-sandbox-6923a179/build/Codec/Picture/Gif.o )
[20 of 30] Compiling Codec.Picture.Jpg.DefaultTable ( src/Codec/Picture/Jpg/DefaultTable.hs, dist/dist-sandbox-6923a179/build/Codec/Picture/Jpg/DefaultTable.o )
[21 of 30] Compiling Codec.Picture.Jpg.Types ( src/Codec/Picture/Jpg/Types.hs, dist/dist-sandbox-6923a179/build/Codec/Picture/Jpg/Types.o )
[22 of 30] Compiling Codec.Picture.Jpg.FastDct ( src/Codec/Picture/Jpg/FastDct.hs, dist/dist-sandbox-6923a179/build/Codec/Picture/Jpg/FastDct.o )
[23 of 30] Compiling Codec.Picture.Jpg.FastIdct ( src/Codec/Picture/Jpg/FastIdct.hs, dist/dist-sandbox-6923a179/build/Codec/Picture/Jpg/FastIdct.o )
[24 of 30] Compiling Codec.Picture.Jpg.Common ( src/Codec/Picture/Jpg/Common.hs, dist/dist-sandbox-6923a179/build/Codec/Picture/Jpg/Common.o )
[25 of 30] Compiling Codec.Picture.Jpg.Metadata ( src/Codec/Picture/Jpg/Metadata.hs, dist/dist-sandbox-6923a179/build/Codec/Picture/Jpg/Metadata.o )
[26 of 30] Compiling Codec.Picture.Jpg.Progressive ( src/Codec/Picture/Jpg/Progressive.hs, dist/dist-sandbox-6923a179/build/Codec/Picture/Jpg/Progressive.o )
[27 of 30] Compiling Codec.Picture.Jpg ( src/Codec/Picture/Jpg.hs, dist/dist-sandbox-6923a179/build/Codec/Picture/Jpg.o )
[28 of 30] Compiling Codec.Picture.Tiff ( src/Codec/Picture/Tiff.hs, dist/dist-sandbox-6923a179/build/Codec/Picture/Tiff.o )
[29 of 30] Compiling Codec.Picture.Saving ( src/Codec/Picture/Saving.hs, dist/dist-sandbox-6923a179/build/Codec/Picture/Saving.o )
[30 of 30] Compiling Codec.Picture    ( src/Codec/Picture.hs, dist/dist-sandbox-6923a179/build/Codec/Picture.o )
Creating package registration file:
/tmp/pkgConf-JuicyPixels-3.2.921069146531815209933.3
Installing library in
/pandoc/.cabal-sandbox/lib/x86_64-linux-ghc-8.0.2/JuicyPixels-3.2.9.3-7SCbuNRo7XbAC4WP1TOX5h
Registering JuicyPixels-3.2.9.3...
cabal: Leaving directory '/tmp/cabal-tmp-18/JuicyPixels-3.2.9.3'
