cabal: Entering directory '/tmp/cabal-tmp-11/QuickCheck-2.10.1'
Configuring QuickCheck-2.10.1...
Building QuickCheck-2.10.1...
Preprocessing library QuickCheck-2.10.1...
[ 1 of 15] Compiling Test.QuickCheck.Random ( Test/QuickCheck/Random.hs, dist/dist-sandbox-6923a179/build/Test/QuickCheck/Random.o )
[ 2 of 15] Compiling Test.QuickCheck.Gen ( Test/QuickCheck/Gen.hs, dist/dist-sandbox-6923a179/build/Test/QuickCheck/Gen.o )
[ 3 of 15] Compiling Test.QuickCheck.Gen.Unsafe ( Test/QuickCheck/Gen/Unsafe.hs, dist/dist-sandbox-6923a179/build/Test/QuickCheck/Gen/Unsafe.o )
[ 4 of 15] Compiling Test.QuickCheck.Exception ( Test/QuickCheck/Exception.hs, dist/dist-sandbox-6923a179/build/Test/QuickCheck/Exception.o )
[ 5 of 15] Compiling Test.QuickCheck.Text ( Test/QuickCheck/Text.hs, dist/dist-sandbox-6923a179/build/Test/QuickCheck/Text.o )
[ 6 of 15] Compiling Test.QuickCheck.State ( Test/QuickCheck/State.hs, dist/dist-sandbox-6923a179/build/Test/QuickCheck/State.o )
[ 7 of 15] Compiling Test.QuickCheck.Arbitrary ( Test/QuickCheck/Arbitrary.hs, dist/dist-sandbox-6923a179/build/Test/QuickCheck/Arbitrary.o )
[ 8 of 15] Compiling Test.QuickCheck.Modifiers ( Test/QuickCheck/Modifiers.hs, dist/dist-sandbox-6923a179/build/Test/QuickCheck/Modifiers.o )
[ 9 of 15] Compiling Test.QuickCheck.Poly ( Test/QuickCheck/Poly.hs, dist/dist-sandbox-6923a179/build/Test/QuickCheck/Poly.o )
[10 of 15] Compiling Test.QuickCheck.Function ( Test/QuickCheck/Function.hs, dist/dist-sandbox-6923a179/build/Test/QuickCheck/Function.o )
[11 of 15] Compiling Test.QuickCheck.Property ( Test/QuickCheck/Property.hs, dist/dist-sandbox-6923a179/build/Test/QuickCheck/Property.o )
[12 of 15] Compiling Test.QuickCheck.Monadic ( Test/QuickCheck/Monadic.hs, dist/dist-sandbox-6923a179/build/Test/QuickCheck/Monadic.o )
[13 of 15] Compiling Test.QuickCheck.Test ( Test/QuickCheck/Test.hs, dist/dist-sandbox-6923a179/build/Test/QuickCheck/Test.o )
[14 of 15] Compiling Test.QuickCheck.All ( Test/QuickCheck/All.hs, dist/dist-sandbox-6923a179/build/Test/QuickCheck/All.o )
[15 of 15] Compiling Test.QuickCheck  ( Test/QuickCheck.hs, dist/dist-sandbox-6923a179/build/Test/QuickCheck.o )
Creating package registration file:
/tmp/pkgConf-QuickCheck-2.1019307727571647149314.1
Installing library in
/pandoc/.cabal-sandbox/lib/x86_64-linux-ghc-8.0.2/QuickCheck-2.10.1-4LhrkZYHBQBGV9iolvwNWc
Registering QuickCheck-2.10.1...
cabal: Leaving directory '/tmp/cabal-tmp-11/QuickCheck-2.10.1'
