cabal: Entering directory '/tmp/cabal-tmp-11/skylighting-0.5.0.1'
Configuring skylighting-0.5.0.1...
Building skylighting-0.5.0.1...
Preprocessing library skylighting-0.5.0.1...
[  1 of 133] Compiling Skylighting.Regex ( src/Skylighting/Regex.hs, dist/dist-sandbox-6923a179/build/Skylighting/Regex.o )
[  2 of 133] Compiling Skylighting.Types ( src/Skylighting/Types.hs, dist/dist-sandbox-6923a179/build/Skylighting/Types.o )
[  3 of 133] Compiling Skylighting.Styles ( src/Skylighting/Styles.hs, dist/dist-sandbox-6923a179/build/Skylighting/Styles.o )
[  4 of 133] Compiling Skylighting.Syntax.Abc ( src/Skylighting/Syntax/Abc.hs, dist/dist-sandbox-6923a179/build/Skylighting/Syntax/Abc.o )
[  5 of 133] Compiling Skylighting.Syntax.Actionscript ( src/Skylighting/Syntax/Actionscript.hs, dist/dist-sandbox-6923a179/build/Skylighting/Syntax/Actionscript.o )
[  6 of 133] Compiling Skylighting.Syntax.Ada ( src/Skylighting/Syntax/Ada.hs, dist/dist-sandbox-6923a179/build/Skylighting/Syntax/Ada.o )
[  7 of 133] Compiling Skylighting.Syntax.Agda ( src/Skylighting/Syntax/Agda.hs, dist/dist-sandbox-6923a179/build/Skylighting/Syntax/Agda.o )
[  8 of 133] Compiling Skylighting.Syntax.Alert ( src/Skylighting/Syntax/Alert.hs, dist/dist-sandbox-6923a179/build/Skylighting/Syntax/Alert.o )
[  9 of 133] Compiling Skylighting.Syntax.AlertIndent ( src/Skylighting/Syntax/AlertIndent.hs, dist/dist-sandbox-6923a179/build/Skylighting/Syntax/AlertIndent.o )
[ 10 of 133] Compiling Skylighting.Syntax.Apache ( src/Skylighting/Syntax/Apache.hs, dist/dist-sandbox-6923a179/build/Skylighting/Syntax/Apache.o )
[ 11 of 133] Compiling Skylighting.Syntax.Asn1 ( src/Skylighting/Syntax/Asn1.hs, dist/dist-sandbox-6923a179/build/Skylighting/Syntax/Asn1.o )
[ 12 of 133] Compiling Skylighting.Syntax.Asp ( src/Skylighting/Syntax/Asp.hs, dist/dist-sandbox-6923a179/build/Skylighting/Syntax/Asp.o )
[ 13 of 133] Compiling Skylighting.Syntax.Ats ( src/Skylighting/Syntax/Ats.hs, dist/dist-sandbox-6923a179/build/Skylighting/Syntax/Ats.o )
[ 14 of 133] Compiling Skylighting.Syntax.Awk ( src/Skylighting/Syntax/Awk.hs, dist/dist-sandbox-6923a179/build/Skylighting/Syntax/Awk.o )
[ 15 of 133] Compiling Skylighting.Syntax.Bash ( src/Skylighting/Syntax/Bash.hs, dist/dist-sandbox-6923a179/build/Skylighting/Syntax/Bash.o )
[ 16 of 133] Compiling Skylighting.Syntax.Bibtex ( src/Skylighting/Syntax/Bibtex.hs, dist/dist-sandbox-6923a179/build/Skylighting/Syntax/Bibtex.o )
[ 17 of 133] Compiling Skylighting.Syntax.Boo ( src/Skylighting/Syntax/Boo.hs, dist/dist-sandbox-6923a179/build/Skylighting/Syntax/Boo.o )
[ 18 of 133] Compiling Skylighting.Syntax.C ( src/Skylighting/Syntax/C.hs, dist/dist-sandbox-6923a179/build/Skylighting/Syntax/C.o )
[ 19 of 133] Compiling Skylighting.Syntax.Changelog ( src/Skylighting/Syntax/Changelog.hs, dist/dist-sandbox-6923a179/build/Skylighting/Syntax/Changelog.o )
[ 20 of 133] Compiling Skylighting.Syntax.Clojure ( src/Skylighting/Syntax/Clojure.hs, dist/dist-sandbox-6923a179/build/Skylighting/Syntax/Clojure.o )
[ 21 of 133] Compiling Skylighting.Syntax.Cmake ( src/Skylighting/Syntax/Cmake.hs, dist/dist-sandbox-6923a179/build/Skylighting/Syntax/Cmake.o )
[ 22 of 133] Compiling Skylighting.Syntax.Coffee ( src/Skylighting/Syntax/Coffee.hs, dist/dist-sandbox-6923a179/build/Skylighting/Syntax/Coffee.o )
[ 23 of 133] Compiling Skylighting.Syntax.Coldfusion ( src/Skylighting/Syntax/Coldfusion.hs, dist/dist-sandbox-6923a179/build/Skylighting/Syntax/Coldfusion.o )
[ 24 of 133] Compiling Skylighting.Syntax.Commonlisp ( src/Skylighting/Syntax/Commonlisp.hs, dist/dist-sandbox-6923a179/build/Skylighting/Syntax/Commonlisp.o )
[ 25 of 133] Compiling Skylighting.Syntax.Cpp ( src/Skylighting/Syntax/Cpp.hs, dist/dist-sandbox-6923a179/build/Skylighting/Syntax/Cpp.o )
[ 26 of 133] Compiling Skylighting.Syntax.Cs ( src/Skylighting/Syntax/Cs.hs, dist/dist-sandbox-6923a179/build/Skylighting/Syntax/Cs.o )
[ 27 of 133] Compiling Skylighting.Syntax.Css ( src/Skylighting/Syntax/Css.hs, dist/dist-sandbox-6923a179/build/Skylighting/Syntax/Css.o )
[ 28 of 133] Compiling Skylighting.Syntax.Curry ( src/Skylighting/Syntax/Curry.hs, dist/dist-sandbox-6923a179/build/Skylighting/Syntax/Curry.o )
[ 29 of 133] Compiling Skylighting.Syntax.D ( src/Skylighting/Syntax/D.hs, dist/dist-sandbox-6923a179/build/Skylighting/Syntax/D.o )
[ 30 of 133] Compiling Skylighting.Syntax.Diff ( src/Skylighting/Syntax/Diff.hs, dist/dist-sandbox-6923a179/build/Skylighting/Syntax/Diff.o )
[ 31 of 133] Compiling Skylighting.Syntax.Djangotemplate ( src/Skylighting/Syntax/Djangotemplate.hs, dist/dist-sandbox-6923a179/build/Skylighting/Syntax/Djangotemplate.o )
[ 32 of 133] Compiling Skylighting.Syntax.Dockerfile ( src/Skylighting/Syntax/Dockerfile.hs, dist/dist-sandbox-6923a179/build/Skylighting/Syntax/Dockerfile.o )
[ 33 of 133] Compiling Skylighting.Syntax.Dot ( src/Skylighting/Syntax/Dot.hs, dist/dist-sandbox-6923a179/build/Skylighting/Syntax/Dot.o )
[ 34 of 133] Compiling Skylighting.Syntax.Doxygen ( src/Skylighting/Syntax/Doxygen.hs, dist/dist-sandbox-6923a179/build/Skylighting/Syntax/Doxygen.o )
[ 35 of 133] Compiling Skylighting.Syntax.Doxygenlua ( src/Skylighting/Syntax/Doxygenlua.hs, dist/dist-sandbox-6923a179/build/Skylighting/Syntax/Doxygenlua.o )
[ 36 of 133] Compiling Skylighting.Syntax.Dtd ( src/Skylighting/Syntax/Dtd.hs, dist/dist-sandbox-6923a179/build/Skylighting/Syntax/Dtd.o )
[ 37 of 133] Compiling Skylighting.Syntax.Eiffel ( src/Skylighting/Syntax/Eiffel.hs, dist/dist-sandbox-6923a179/build/Skylighting/Syntax/Eiffel.o )
[ 38 of 133] Compiling Skylighting.Syntax.Elixir ( src/Skylighting/Syntax/Elixir.hs, dist/dist-sandbox-6923a179/build/Skylighting/Syntax/Elixir.o )
[ 39 of 133] Compiling Skylighting.Syntax.Email ( src/Skylighting/Syntax/Email.hs, dist/dist-sandbox-6923a179/build/Skylighting/Syntax/Email.o )
[ 40 of 133] Compiling Skylighting.Syntax.Erlang ( src/Skylighting/Syntax/Erlang.hs, dist/dist-sandbox-6923a179/build/Skylighting/Syntax/Erlang.o )
[ 41 of 133] Compiling Skylighting.Syntax.Fasm ( src/Skylighting/Syntax/Fasm.hs, dist/dist-sandbox-6923a179/build/Skylighting/Syntax/Fasm.o )
[ 42 of 133] Compiling Skylighting.Syntax.Fortran ( src/Skylighting/Syntax/Fortran.hs, dist/dist-sandbox-6923a179/build/Skylighting/Syntax/Fortran.o )
[ 43 of 133] Compiling Skylighting.Syntax.Fsharp ( src/Skylighting/Syntax/Fsharp.hs, dist/dist-sandbox-6923a179/build/Skylighting/Syntax/Fsharp.o )
[ 44 of 133] Compiling Skylighting.Syntax.Gcc ( src/Skylighting/Syntax/Gcc.hs, dist/dist-sandbox-6923a179/build/Skylighting/Syntax/Gcc.o )
[ 45 of 133] Compiling Skylighting.Syntax.Glsl ( src/Skylighting/Syntax/Glsl.hs, dist/dist-sandbox-6923a179/build/Skylighting/Syntax/Glsl.o )
[ 46 of 133] Compiling Skylighting.Syntax.Gnuassembler ( src/Skylighting/Syntax/Gnuassembler.hs, dist/dist-sandbox-6923a179/build/Skylighting/Syntax/Gnuassembler.o )
[ 47 of 133] Compiling Skylighting.Syntax.Go ( src/Skylighting/Syntax/Go.hs, dist/dist-sandbox-6923a179/build/Skylighting/Syntax/Go.o )
[ 48 of 133] Compiling Skylighting.Syntax.Hamlet ( src/Skylighting/Syntax/Hamlet.hs, dist/dist-sandbox-6923a179/build/Skylighting/Syntax/Hamlet.o )
[ 49 of 133] Compiling Skylighting.Syntax.Haskell ( src/Skylighting/Syntax/Haskell.hs, dist/dist-sandbox-6923a179/build/Skylighting/Syntax/Haskell.o )
[ 50 of 133] Compiling Skylighting.Syntax.Haxe ( src/Skylighting/Syntax/Haxe.hs, dist/dist-sandbox-6923a179/build/Skylighting/Syntax/Haxe.o )
[ 51 of 133] Compiling Skylighting.Syntax.Html ( src/Skylighting/Syntax/Html.hs, dist/dist-sandbox-6923a179/build/Skylighting/Syntax/Html.o )
[ 52 of 133] Compiling Skylighting.Syntax.Idris ( src/Skylighting/Syntax/Idris.hs, dist/dist-sandbox-6923a179/build/Skylighting/Syntax/Idris.o )
[ 53 of 133] Compiling Skylighting.Syntax.Ini ( src/Skylighting/Syntax/Ini.hs, dist/dist-sandbox-6923a179/build/Skylighting/Syntax/Ini.o )
[ 54 of 133] Compiling Skylighting.Syntax.Isocpp ( src/Skylighting/Syntax/Isocpp.hs, dist/dist-sandbox-6923a179/build/Skylighting/Syntax/Isocpp.o )
[ 55 of 133] Compiling Skylighting.Syntax.Java ( src/Skylighting/Syntax/Java.hs, dist/dist-sandbox-6923a179/build/Skylighting/Syntax/Java.o )
[ 56 of 133] Compiling Skylighting.Syntax.Javadoc ( src/Skylighting/Syntax/Javadoc.hs, dist/dist-sandbox-6923a179/build/Skylighting/Syntax/Javadoc.o )
[ 57 of 133] Compiling Skylighting.Syntax.Javascript ( src/Skylighting/Syntax/Javascript.hs, dist/dist-sandbox-6923a179/build/Skylighting/Syntax/Javascript.o )
[ 58 of 133] Compiling Skylighting.Syntax.Json ( src/Skylighting/Syntax/Json.hs, dist/dist-sandbox-6923a179/build/Skylighting/Syntax/Json.o )
[ 59 of 133] Compiling Skylighting.Syntax.Jsp ( src/Skylighting/Syntax/Jsp.hs, dist/dist-sandbox-6923a179/build/Skylighting/Syntax/Jsp.o )
[ 60 of 133] Compiling Skylighting.Syntax.Julia ( src/Skylighting/Syntax/Julia.hs, dist/dist-sandbox-6923a179/build/Skylighting/Syntax/Julia.o )
[ 61 of 133] Compiling Skylighting.Syntax.Kotlin ( src/Skylighting/Syntax/Kotlin.hs, dist/dist-sandbox-6923a179/build/Skylighting/Syntax/Kotlin.o )
[ 62 of 133] Compiling Skylighting.Syntax.Latex ( src/Skylighting/Syntax/Latex.hs, dist/dist-sandbox-6923a179/build/Skylighting/Syntax/Latex.o )
[ 63 of 133] Compiling Skylighting.Syntax.Lex ( src/Skylighting/Syntax/Lex.hs, dist/dist-sandbox-6923a179/build/Skylighting/Syntax/Lex.o )
[ 64 of 133] Compiling Skylighting.Syntax.Lilypond ( src/Skylighting/Syntax/Lilypond.hs, dist/dist-sandbox-6923a179/build/Skylighting/Syntax/Lilypond.o )
[ 65 of 133] Compiling Skylighting.Syntax.LiterateCurry ( src/Skylighting/Syntax/LiterateCurry.hs, dist/dist-sandbox-6923a179/build/Skylighting/Syntax/LiterateCurry.o )
[ 66 of 133] Compiling Skylighting.Syntax.LiterateHaskell ( src/Skylighting/Syntax/LiterateHaskell.hs, dist/dist-sandbox-6923a179/build/Skylighting/Syntax/LiterateHaskell.o )
[ 67 of 133] Compiling Skylighting.Syntax.Llvm ( src/Skylighting/Syntax/Llvm.hs, dist/dist-sandbox-6923a179/build/Skylighting/Syntax/Llvm.o )
[ 68 of 133] Compiling Skylighting.Syntax.Lua ( src/Skylighting/Syntax/Lua.hs, dist/dist-sandbox-6923a179/build/Skylighting/Syntax/Lua.o )
[ 69 of 133] Compiling Skylighting.Syntax.M4 ( src/Skylighting/Syntax/M4.hs, dist/dist-sandbox-6923a179/build/Skylighting/Syntax/M4.o )
[ 70 of 133] Compiling Skylighting.Syntax.Makefile ( src/Skylighting/Syntax/Makefile.hs, dist/dist-sandbox-6923a179/build/Skylighting/Syntax/Makefile.o )
[ 71 of 133] Compiling Skylighting.Syntax.Mandoc ( src/Skylighting/Syntax/Mandoc.hs, dist/dist-sandbox-6923a179/build/Skylighting/Syntax/Mandoc.o )
[ 72 of 133] Compiling Skylighting.Syntax.Markdown ( src/Skylighting/Syntax/Markdown.hs, dist/dist-sandbox-6923a179/build/Skylighting/Syntax/Markdown.o )
[ 73 of 133] Compiling Skylighting.Syntax.Mathematica ( src/Skylighting/Syntax/Mathematica.hs, dist/dist-sandbox-6923a179/build/Skylighting/Syntax/Mathematica.o )
[ 74 of 133] Compiling Skylighting.Syntax.Matlab ( src/Skylighting/Syntax/Matlab.hs, dist/dist-sandbox-6923a179/build/Skylighting/Syntax/Matlab.o )
[ 75 of 133] Compiling Skylighting.Syntax.Maxima ( src/Skylighting/Syntax/Maxima.hs, dist/dist-sandbox-6923a179/build/Skylighting/Syntax/Maxima.o )
[ 76 of 133] Compiling Skylighting.Syntax.Mediawiki ( src/Skylighting/Syntax/Mediawiki.hs, dist/dist-sandbox-6923a179/build/Skylighting/Syntax/Mediawiki.o )
[ 77 of 133] Compiling Skylighting.Syntax.Metafont ( src/Skylighting/Syntax/Metafont.hs, dist/dist-sandbox-6923a179/build/Skylighting/Syntax/Metafont.o )
[ 78 of 133] Compiling Skylighting.Syntax.Mips ( src/Skylighting/Syntax/Mips.hs, dist/dist-sandbox-6923a179/build/Skylighting/Syntax/Mips.o )
[ 79 of 133] Compiling Skylighting.Syntax.Modelines ( src/Skylighting/Syntax/Modelines.hs, dist/dist-sandbox-6923a179/build/Skylighting/Syntax/Modelines.o )
[ 80 of 133] Compiling Skylighting.Syntax.Modula2 ( src/Skylighting/Syntax/Modula2.hs, dist/dist-sandbox-6923a179/build/Skylighting/Syntax/Modula2.o )
[ 81 of 133] Compiling Skylighting.Syntax.Modula3 ( src/Skylighting/Syntax/Modula3.hs, dist/dist-sandbox-6923a179/build/Skylighting/Syntax/Modula3.o )
[ 82 of 133] Compiling Skylighting.Syntax.Monobasic ( src/Skylighting/Syntax/Monobasic.hs, dist/dist-sandbox-6923a179/build/Skylighting/Syntax/Monobasic.o )
[ 83 of 133] Compiling Skylighting.Syntax.Nasm ( src/Skylighting/Syntax/Nasm.hs, dist/dist-sandbox-6923a179/build/Skylighting/Syntax/Nasm.o )
[ 84 of 133] Compiling Skylighting.Syntax.Noweb ( src/Skylighting/Syntax/Noweb.hs, dist/dist-sandbox-6923a179/build/Skylighting/Syntax/Noweb.o )
[ 85 of 133] Compiling Skylighting.Syntax.Objectivec ( src/Skylighting/Syntax/Objectivec.hs, dist/dist-sandbox-6923a179/build/Skylighting/Syntax/Objectivec.o )
[ 86 of 133] Compiling Skylighting.Syntax.Objectivecpp ( src/Skylighting/Syntax/Objectivecpp.hs, dist/dist-sandbox-6923a179/build/Skylighting/Syntax/Objectivecpp.o )
[ 87 of 133] Compiling Skylighting.Syntax.Ocaml ( src/Skylighting/Syntax/Ocaml.hs, dist/dist-sandbox-6923a179/build/Skylighting/Syntax/Ocaml.o )
[ 88 of 133] Compiling Skylighting.Syntax.Octave ( src/Skylighting/Syntax/Octave.hs, dist/dist-sandbox-6923a179/build/Skylighting/Syntax/Octave.o )
[ 89 of 133] Compiling Skylighting.Syntax.Opencl ( src/Skylighting/Syntax/Opencl.hs, dist/dist-sandbox-6923a179/build/Skylighting/Syntax/Opencl.o )
[ 90 of 133] Compiling Skylighting.Syntax.Pascal ( src/Skylighting/Syntax/Pascal.hs, dist/dist-sandbox-6923a179/build/Skylighting/Syntax/Pascal.o )
[ 91 of 133] Compiling Skylighting.Syntax.Perl ( src/Skylighting/Syntax/Perl.hs, dist/dist-sandbox-6923a179/build/Skylighting/Syntax/Perl.o )
[ 92 of 133] Compiling Skylighting.Syntax.Php ( src/Skylighting/Syntax/Php.hs, dist/dist-sandbox-6923a179/build/Skylighting/Syntax/Php.o )
[ 93 of 133] Compiling Skylighting.Syntax.Pike ( src/Skylighting/Syntax/Pike.hs, dist/dist-sandbox-6923a179/build/Skylighting/Syntax/Pike.o )
[ 94 of 133] Compiling Skylighting.Syntax.Postscript ( src/Skylighting/Syntax/Postscript.hs, dist/dist-sandbox-6923a179/build/Skylighting/Syntax/Postscript.o )
[ 95 of 133] Compiling Skylighting.Syntax.Powershell ( src/Skylighting/Syntax/Powershell.hs, dist/dist-sandbox-6923a179/build/Skylighting/Syntax/Powershell.o )
[ 96 of 133] Compiling Skylighting.Syntax.Prolog ( src/Skylighting/Syntax/Prolog.hs, dist/dist-sandbox-6923a179/build/Skylighting/Syntax/Prolog.o )
[ 97 of 133] Compiling Skylighting.Syntax.Pure ( src/Skylighting/Syntax/Pure.hs, dist/dist-sandbox-6923a179/build/Skylighting/Syntax/Pure.o )
[ 98 of 133] Compiling Skylighting.Syntax.Purebasic ( src/Skylighting/Syntax/Purebasic.hs, dist/dist-sandbox-6923a179/build/Skylighting/Syntax/Purebasic.o )
[ 99 of 133] Compiling Skylighting.Syntax.Python ( src/Skylighting/Syntax/Python.hs, dist/dist-sandbox-6923a179/build/Skylighting/Syntax/Python.o )
[100 of 133] Compiling Skylighting.Syntax.R ( src/Skylighting/Syntax/R.hs, dist/dist-sandbox-6923a179/build/Skylighting/Syntax/R.o )
[101 of 133] Compiling Skylighting.Syntax.Relaxng ( src/Skylighting/Syntax/Relaxng.hs, dist/dist-sandbox-6923a179/build/Skylighting/Syntax/Relaxng.o )
[102 of 133] Compiling Skylighting.Syntax.Relaxngcompact ( src/Skylighting/Syntax/Relaxngcompact.hs, dist/dist-sandbox-6923a179/build/Skylighting/Syntax/Relaxngcompact.o )
[103 of 133] Compiling Skylighting.Syntax.Rest ( src/Skylighting/Syntax/Rest.hs, dist/dist-sandbox-6923a179/build/Skylighting/Syntax/Rest.o )
[104 of 133] Compiling Skylighting.Syntax.Rhtml ( src/Skylighting/Syntax/Rhtml.hs, dist/dist-sandbox-6923a179/build/Skylighting/Syntax/Rhtml.o )
[105 of 133] Compiling Skylighting.Syntax.Roff ( src/Skylighting/Syntax/Roff.hs, dist/dist-sandbox-6923a179/build/Skylighting/Syntax/Roff.o )
[106 of 133] Compiling Skylighting.Syntax.Ruby ( src/Skylighting/Syntax/Ruby.hs, dist/dist-sandbox-6923a179/build/Skylighting/Syntax/Ruby.o )
[107 of 133] Compiling Skylighting.Syntax.Rust ( src/Skylighting/Syntax/Rust.hs, dist/dist-sandbox-6923a179/build/Skylighting/Syntax/Rust.o )
[108 of 133] Compiling Skylighting.Syntax.Scala ( src/Skylighting/Syntax/Scala.hs, dist/dist-sandbox-6923a179/build/Skylighting/Syntax/Scala.o )
[109 of 133] Compiling Skylighting.Syntax.Scheme ( src/Skylighting/Syntax/Scheme.hs, dist/dist-sandbox-6923a179/build/Skylighting/Syntax/Scheme.o )
[110 of 133] Compiling Skylighting.Syntax.Sci ( src/Skylighting/Syntax/Sci.hs, dist/dist-sandbox-6923a179/build/Skylighting/Syntax/Sci.o )
[111 of 133] Compiling Skylighting.Syntax.Sed ( src/Skylighting/Syntax/Sed.hs, dist/dist-sandbox-6923a179/build/Skylighting/Syntax/Sed.o )
[112 of 133] Compiling Skylighting.Syntax.Sgml ( src/Skylighting/Syntax/Sgml.hs, dist/dist-sandbox-6923a179/build/Skylighting/Syntax/Sgml.o )
[113 of 133] Compiling Skylighting.Syntax.Sql ( src/Skylighting/Syntax/Sql.hs, dist/dist-sandbox-6923a179/build/Skylighting/Syntax/Sql.o )
[114 of 133] Compiling Skylighting.Syntax.SqlMysql ( src/Skylighting/Syntax/SqlMysql.hs, dist/dist-sandbox-6923a179/build/Skylighting/Syntax/SqlMysql.o )
[115 of 133] Compiling Skylighting.Syntax.SqlPostgresql ( src/Skylighting/Syntax/SqlPostgresql.hs, dist/dist-sandbox-6923a179/build/Skylighting/Syntax/SqlPostgresql.o )
[116 of 133] Compiling Skylighting.Syntax.Tcl ( src/Skylighting/Syntax/Tcl.hs, dist/dist-sandbox-6923a179/build/Skylighting/Syntax/Tcl.o )
[117 of 133] Compiling Skylighting.Syntax.Tcsh ( src/Skylighting/Syntax/Tcsh.hs, dist/dist-sandbox-6923a179/build/Skylighting/Syntax/Tcsh.o )
[118 of 133] Compiling Skylighting.Syntax.Texinfo ( src/Skylighting/Syntax/Texinfo.hs, dist/dist-sandbox-6923a179/build/Skylighting/Syntax/Texinfo.o )
[119 of 133] Compiling Skylighting.Syntax.Verilog ( src/Skylighting/Syntax/Verilog.hs, dist/dist-sandbox-6923a179/build/Skylighting/Syntax/Verilog.o )
[120 of 133] Compiling Skylighting.Syntax.Vhdl ( src/Skylighting/Syntax/Vhdl.hs, dist/dist-sandbox-6923a179/build/Skylighting/Syntax/Vhdl.o )
[121 of 133] Compiling Skylighting.Syntax.Xml ( src/Skylighting/Syntax/Xml.hs, dist/dist-sandbox-6923a179/build/Skylighting/Syntax/Xml.o )
[122 of 133] Compiling Skylighting.Syntax.Xorg ( src/Skylighting/Syntax/Xorg.hs, dist/dist-sandbox-6923a179/build/Skylighting/Syntax/Xorg.o )
[123 of 133] Compiling Skylighting.Syntax.Xslt ( src/Skylighting/Syntax/Xslt.hs, dist/dist-sandbox-6923a179/build/Skylighting/Syntax/Xslt.o )
[124 of 133] Compiling Skylighting.Syntax.Xul ( src/Skylighting/Syntax/Xul.hs, dist/dist-sandbox-6923a179/build/Skylighting/Syntax/Xul.o )
[125 of 133] Compiling Skylighting.Syntax.Yacc ( src/Skylighting/Syntax/Yacc.hs, dist/dist-sandbox-6923a179/build/Skylighting/Syntax/Yacc.o )
[126 of 133] Compiling Skylighting.Syntax.Yaml ( src/Skylighting/Syntax/Yaml.hs, dist/dist-sandbox-6923a179/build/Skylighting/Syntax/Yaml.o )
[127 of 133] Compiling Skylighting.Syntax.Zsh ( src/Skylighting/Syntax/Zsh.hs, dist/dist-sandbox-6923a179/build/Skylighting/Syntax/Zsh.o )
[128 of 133] Compiling Skylighting.Syntax ( src/Skylighting/Syntax.hs, dist/dist-sandbox-6923a179/build/Skylighting/Syntax.o )
[129 of 133] Compiling Skylighting.Tokenizer ( src/Skylighting/Tokenizer.hs, dist/dist-sandbox-6923a179/build/Skylighting/Tokenizer.o )
[130 of 133] Compiling Skylighting.Parser ( src/Skylighting/Parser.hs, dist/dist-sandbox-6923a179/build/Skylighting/Parser.o )
[131 of 133] Compiling Skylighting.Format.LaTeX ( src/Skylighting/Format/LaTeX.hs, dist/dist-sandbox-6923a179/build/Skylighting/Format/LaTeX.o )
[132 of 133] Compiling Skylighting.Format.HTML ( src/Skylighting/Format/HTML.hs, dist/dist-sandbox-6923a179/build/Skylighting/Format/HTML.o )
[133 of 133] Compiling Skylighting      ( src/Skylighting.hs, dist/dist-sandbox-6923a179/build/Skylighting.o )
Creating package registration file:
/tmp/pkgConf-skylighting-0.5.03951913091431742587.1
Installing library in
/pandoc/.cabal-sandbox/lib/x86_64-linux-ghc-8.0.2/skylighting-0.5.0.1-3f68Unzpk3NDifaXWWHxTf
Registering skylighting-0.5.0.1...
cabal: Leaving directory '/tmp/cabal-tmp-11/skylighting-0.5.0.1'
