cabal: Entering directory '/tmp/cabal-tmp-10/yaml-0.8.25.1'
Configuring yaml-0.8.25.1...
Building yaml-0.8.25.1...
Preprocessing library yaml-0.8.25.1...
[ 1 of 10] Compiling Text.Libyaml     ( Text/Libyaml.hs, dist/dist-sandbox-6923a179/build/Text/Libyaml.o )
[ 2 of 10] Compiling Data.Yaml.Parser ( Data/Yaml/Parser.hs, dist/dist-sandbox-6923a179/build/Data/Yaml/Parser.o )
[ 3 of 10] Compiling Data.Yaml.Internal ( Data/Yaml/Internal.hs, dist/dist-sandbox-6923a179/build/Data/Yaml/Internal.o )
[ 4 of 10] Compiling Data.Yaml.Include ( Data/Yaml/Include.hs, dist/dist-sandbox-6923a179/build/Data/Yaml/Include.o )
[ 5 of 10] Compiling Data.Yaml.Builder ( Data/Yaml/Builder.hs, dist/dist-sandbox-6923a179/build/Data/Yaml/Builder.o )
[ 6 of 10] Compiling Data.Yaml.Pretty ( Data/Yaml/Pretty.hs, dist/dist-sandbox-6923a179/build/Data/Yaml/Pretty.o )
[ 7 of 10] Compiling Data.Yaml        ( Data/Yaml.hs, dist/dist-sandbox-6923a179/build/Data/Yaml.o )
[ 8 of 10] Compiling Data.Yaml.Aeson  ( Data/Yaml/Aeson.hs, dist/dist-sandbox-6923a179/build/Data/Yaml/Aeson.o )
[ 9 of 10] Compiling Data.Yaml.Config ( Data/Yaml/Config.hs, dist/dist-sandbox-6923a179/build/Data/Yaml/Config.o )
[10 of 10] Compiling Data.Yaml.TH     ( Data/Yaml/TH.hs, dist/dist-sandbox-6923a179/build/Data/Yaml/TH.o )
Preprocessing executable 'yaml2json' for yaml-0.8.25.1...
[1 of 1] Compiling Main             ( exe/yaml2json.hs, dist/dist-sandbox-6923a179/build/yaml2json/yaml2json-tmp/Main.o )
Linking dist/dist-sandbox-6923a179/build/yaml2json/yaml2json ...
Preprocessing executable 'json2yaml' for yaml-0.8.25.1...
[1 of 1] Compiling Main             ( exe/json2yaml.hs, dist/dist-sandbox-6923a179/build/json2yaml/json2yaml-tmp/Main.o )
Linking dist/dist-sandbox-6923a179/build/json2yaml/json2yaml ...
Creating package registration file:
/tmp/pkgConf-yaml-0.8.2518130801541579068977.1
Installing library in
/pandoc/.cabal-sandbox/lib/x86_64-linux-ghc-8.0.2/yaml-0.8.25.1-4nCDKixDZcx2qyRnT30OrI
Installing executable(s) in /pandoc/.cabal-sandbox/bin
Registering yaml-0.8.25.1...
cabal: Leaving directory '/tmp/cabal-tmp-10/yaml-0.8.25.1'
